
> essential_mart@0.1.0 dev
> next dev -p 3000

▲ Next.js 16.2.2 (Turbopack)
- Local:         http://localhost:3000
- Network:       http://192.168.1.15:3000
✓ Ready in 783ms
Creating turbopack project { dir: 'E:\\office\\kia-jewellers\\frontend', testMode: true }

 GET / 200 in 515ms (next.js: 212ms, application-code: 303ms)
 GET / 200 in 132ms (next.js: 20ms, application-code: 112ms)
 GET /category/bridal 200 in 1033ms (next.js: 945ms, application-code: 88ms)
 GET / 200 in 69ms (next.js: 15ms, application-code: 54ms)
 GET /login 200 in 223ms (next.js: 120ms, application-code: 103ms)
 GET /women-store 307 in 3.0s (next.js: 2.7s, application-code: 229ms)
 GET /category/new-arrivals 200 in 155ms (next.js: 22ms, application-code: 133ms)
 GET /profile 200 in 176ms (next.js: 99ms, application-code: 77ms)
 GET /category/bangles 200 in 105ms (next.js: 38ms, application-code: 68ms)
 GET /category/rings 200 in 99ms (next.js: 29ms, application-code: 69ms)
 GET /product/1 200 in 2.7s (next.js: 2.6s, application-code: 75ms)
 GET /profile 200 in 68ms (next.js: 10ms, application-code: 58ms)
 GET /login 200 in 88ms (next.js: 13ms, application-code: 75ms)
 GET /admin 200 in 329ms (next.js: 138ms, application-code: 191ms)
 GET /admin/customers 200 in 1400ms (next.js: 1328ms, application-code: 72ms)
○ Compiling /admin/orders ...
 GET /admin/orders 200 in 4.5s (next.js: 4.1s, application-code: 349ms)
 GET /admin/manage 200 in 2.7s (next.js: 2.5s, application-code: 154ms)
 GET /admin 200 in 62ms (next.js: 10ms, application-code: 52ms)
 GET /admin/categories 200 in 1260ms (next.js: 1176ms, application-code: 84ms)
 GET /admin/categories 200 in 59ms (next.js: 12ms, application-code: 47ms)
 GET /category/mens-jewellery 200 in 148ms (next.js: 51ms, application-code: 98ms)
 GET /product/9 200 in 104ms (next.js: 34ms, application-code: 70ms)
 GET /cart 200 in 1830ms (next.js: 1691ms, application-code: 139ms)
 GET /checkout 200 in 1812ms (next.js: 1749ms, application-code: 63ms)
 GET /category/bangles 200 in 122ms (next.js: 39ms, application-code: 82ms)
 GET /category/bridal 200 in 106ms (next.js: 32ms, application-code: 73ms)
 GET / 200 in 94ms (next.js: 19ms, application-code: 75ms)
 GET /dashboard 200 in 233ms (next.js: 136ms, application-code: 96ms)
 GET /category/bridal 200 in 104ms (next.js: 32ms, application-code: 73ms)
 GET /category/earrings 200 in 96ms (next.js: 27ms, application-code: 69ms)
[?25h
